c:\users\makoto harada\documents\visual studio 2015\projects\windowsformsapplication1\myinteroplib\debug\myinteroplib.pch
c:\users\makoto harada\documents\visual studio 2015\projects\windowsformsapplication1\myinteroplib\debug\vc140.pdb
c:\users\makoto harada\documents\visual studio 2015\projects\windowsformsapplication1\myinteroplib\debug\stdafx.obj
c:\users\makoto harada\documents\visual studio 2015\projects\windowsformsapplication1\myinteroplib\debug\filecache.obj
c:\users\makoto harada\documents\visual studio 2015\projects\windowsformsapplication1\myinteroplib\debug\assemblyinfo.obj
c:\users\makoto harada\documents\visual studio 2015\projects\windowsformsapplication1\myinteroplib\debug\.netframework,version=v4.5.2.assemblyattributes.obj
c:\users\makoto harada\documents\visual studio 2015\projects\windowsformsapplication1\myinteroplib\debug\.netframework,version=v4.5.2.assemblyattributes.asm
c:\users\makoto harada\documents\visual studio 2015\projects\windowsformsapplication1\myinteroplib\debug\filecachewrapper.obj
c:\users\makoto harada\documents\visual studio 2015\projects\windowsformsapplication1\debug\myinteroplib.dll
c:\users\makoto harada\documents\visual studio 2015\projects\windowsformsapplication1\debug\myinteroplib.pdb
c:\users\makoto harada\documents\visual studio 2015\projects\windowsformsapplication1\myinteroplib\debug\app.res
c:\users\makoto harada\documents\visual studio 2015\projects\windowsformsapplication1\myinteroplib\debug\myinteroplib.vcxprojresolveassemblyreference.cache
c:\users\makoto harada\documents\visual studio 2015\projects\windowsformsapplication1\myinteroplib\debug\myinteroplib.tlog\cl.command.1.tlog
c:\users\makoto harada\documents\visual studio 2015\projects\windowsformsapplication1\myinteroplib\debug\myinteroplib.tlog\cl.read.1.tlog
c:\users\makoto harada\documents\visual studio 2015\projects\windowsformsapplication1\myinteroplib\debug\myinteroplib.tlog\cl.write.1.tlog
c:\users\makoto harada\documents\visual studio 2015\projects\windowsformsapplication1\myinteroplib\debug\myinteroplib.tlog\link.command.1.tlog
c:\users\makoto harada\documents\visual studio 2015\projects\windowsformsapplication1\myinteroplib\debug\myinteroplib.tlog\link.read.1.tlog
c:\users\makoto harada\documents\visual studio 2015\projects\windowsformsapplication1\myinteroplib\debug\myinteroplib.tlog\link.write.1.tlog
c:\users\makoto harada\documents\visual studio 2015\projects\windowsformsapplication1\myinteroplib\debug\myinteroplib.tlog\metagen.read.1.tlog
c:\users\makoto harada\documents\visual studio 2015\projects\windowsformsapplication1\myinteroplib\debug\myinteroplib.tlog\metagen.write.1.tlog
c:\users\makoto harada\documents\visual studio 2015\projects\windowsformsapplication1\myinteroplib\debug\myinteroplib.tlog\rc.command.1.tlog
c:\users\makoto harada\documents\visual studio 2015\projects\windowsformsapplication1\myinteroplib\debug\myinteroplib.tlog\rc.read.1.tlog
c:\users\makoto harada\documents\visual studio 2015\projects\windowsformsapplication1\myinteroplib\debug\myinteroplib.tlog\rc.write.1.tlog
