c:\users\makoto harada\documents\visual studio 2015\projects\windowsformsapplication1\array\debug\array.pch
c:\users\makoto harada\documents\visual studio 2015\projects\windowsformsapplication1\array\debug\vc140.pdb
c:\users\makoto harada\documents\visual studio 2015\projects\windowsformsapplication1\array\debug\stdafx.obj
c:\users\makoto harada\documents\visual studio 2015\projects\windowsformsapplication1\array\debug\assemblyinfo.obj
c:\users\makoto harada\documents\visual studio 2015\projects\windowsformsapplication1\array\debug\array.obj
c:\users\makoto harada\documents\visual studio 2015\projects\windowsformsapplication1\array\debug\.netframework,version=v4.5.2.assemblyattributes.obj
c:\users\makoto harada\documents\visual studio 2015\projects\windowsformsapplication1\array\debug\.netframework,version=v4.5.2.assemblyattributes.asm
c:\users\makoto harada\documents\visual studio 2015\projects\windowsformsapplication1\debug\array.exe
c:\users\makoto harada\documents\visual studio 2015\projects\windowsformsapplication1\debug\array.pdb
c:\users\makoto harada\documents\visual studio 2015\projects\windowsformsapplication1\array\debug\app.res
c:\users\makoto harada\documents\visual studio 2015\projects\windowsformsapplication1\array\debug\array.vcxprojresolveassemblyreference.cache
c:\users\makoto harada\documents\visual studio 2015\projects\windowsformsapplication1\array\debug\array.tlog\cl.command.1.tlog
c:\users\makoto harada\documents\visual studio 2015\projects\windowsformsapplication1\array\debug\array.tlog\cl.read.1.tlog
c:\users\makoto harada\documents\visual studio 2015\projects\windowsformsapplication1\array\debug\array.tlog\cl.write.1.tlog
c:\users\makoto harada\documents\visual studio 2015\projects\windowsformsapplication1\array\debug\array.tlog\link.command.1.tlog
c:\users\makoto harada\documents\visual studio 2015\projects\windowsformsapplication1\array\debug\array.tlog\link.read.1.tlog
c:\users\makoto harada\documents\visual studio 2015\projects\windowsformsapplication1\array\debug\array.tlog\link.write.1.tlog
c:\users\makoto harada\documents\visual studio 2015\projects\windowsformsapplication1\array\debug\array.tlog\metagen.read.1.tlog
c:\users\makoto harada\documents\visual studio 2015\projects\windowsformsapplication1\array\debug\array.tlog\metagen.write.1.tlog
c:\users\makoto harada\documents\visual studio 2015\projects\windowsformsapplication1\array\debug\array.tlog\rc.command.1.tlog
c:\users\makoto harada\documents\visual studio 2015\projects\windowsformsapplication1\array\debug\array.tlog\rc.read.1.tlog
c:\users\makoto harada\documents\visual studio 2015\projects\windowsformsapplication1\array\debug\array.tlog\rc.write.1.tlog
c:\users\makoto harada\documents\visual studio 2015\projects\windowsformsapplication1\array\debug\array.tlog\tzres.dll.bi
