c:\users\makoto harada\documents\visual studio 2015\projects\windowsformsapplication1\homebank\debug\vc140.pdb
c:\users\makoto harada\documents\visual studio 2015\projects\windowsformsapplication1\homebank\debug\.netframework,version=v4.5.2.assemblyattributes.obj
c:\users\makoto harada\documents\visual studio 2015\projects\windowsformsapplication1\homebank\debug\.netframework,version=v4.5.2.assemblyattributes.asm
c:\users\makoto harada\documents\visual studio 2015\projects\windowsformsapplication1\homebank\debug\reportlist.obj
c:\users\makoto harada\documents\visual studio 2015\projects\windowsformsapplication1\homebank\debug\myform.obj
c:\users\makoto harada\documents\visual studio 2015\projects\windowsformsapplication1\homebank\debug\homebank.myform.resources
c:\users\makoto harada\documents\visual studio 2015\projects\windowsformsapplication1\debug\homebank.exe
c:\users\makoto harada\documents\visual studio 2015\projects\windowsformsapplication1\debug\homebank.pdb
c:\users\makoto harada\documents\visual studio 2015\projects\windowsformsapplication1\homebank\debug\homebank.vcxproj.generateresource.cache
c:\users\makoto harada\documents\visual studio 2015\projects\windowsformsapplication1\homebank\debug\homebank.vcxprojresolveassemblyreference.cache
c:\users\makoto harada\documents\visual studio 2015\projects\windowsformsapplication1\homebank\debug\homebank.tlog\cl.command.1.tlog
c:\users\makoto harada\documents\visual studio 2015\projects\windowsformsapplication1\homebank\debug\homebank.tlog\cl.read.1.tlog
c:\users\makoto harada\documents\visual studio 2015\projects\windowsformsapplication1\homebank\debug\homebank.tlog\cl.write.1.tlog
c:\users\makoto harada\documents\visual studio 2015\projects\windowsformsapplication1\homebank\debug\homebank.tlog\homebank.write.1u.tlog
c:\users\makoto harada\documents\visual studio 2015\projects\windowsformsapplication1\homebank\debug\homebank.tlog\link.command.1.tlog
c:\users\makoto harada\documents\visual studio 2015\projects\windowsformsapplication1\homebank\debug\homebank.tlog\link.read.1.tlog
c:\users\makoto harada\documents\visual studio 2015\projects\windowsformsapplication1\homebank\debug\homebank.tlog\link.write.1.tlog
c:\users\makoto harada\documents\visual studio 2015\projects\windowsformsapplication1\homebank\debug\homebank.tlog\metagen.read.1.tlog
c:\users\makoto harada\documents\visual studio 2015\projects\windowsformsapplication1\homebank\debug\homebank.tlog\metagen.write.1.tlog
c:\users\makoto harada\documents\visual studio 2015\projects\windowsformsapplication1\homebank\debug\homebank.tlog\tzres.dll.bi
