c:\users\makoto harada\documents\visual studio 2015\projects\windowsformsapplication1\property_sample\debug\property_sample.pch
c:\users\makoto harada\documents\visual studio 2015\projects\windowsformsapplication1\property_sample\debug\vc140.pdb
c:\users\makoto harada\documents\visual studio 2015\projects\windowsformsapplication1\property_sample\debug\stdafx.obj
c:\users\makoto harada\documents\visual studio 2015\projects\windowsformsapplication1\property_sample\debug\property_sample.obj
c:\users\makoto harada\documents\visual studio 2015\projects\windowsformsapplication1\property_sample\debug\assemblyinfo.obj
c:\users\makoto harada\documents\visual studio 2015\projects\windowsformsapplication1\property_sample\debug\.netframework,version=v4.5.2.assemblyattributes.obj
c:\users\makoto harada\documents\visual studio 2015\projects\windowsformsapplication1\property_sample\debug\.netframework,version=v4.5.2.assemblyattributes.asm
c:\users\makoto harada\documents\visual studio 2015\projects\windowsformsapplication1\debug\property_sample.exe
c:\users\makoto harada\documents\visual studio 2015\projects\windowsformsapplication1\debug\property_sample.pdb
c:\users\makoto harada\documents\visual studio 2015\projects\windowsformsapplication1\property_sample\debug\app.res
c:\users\makoto harada\documents\visual studio 2015\projects\windowsformsapplication1\property_sample\debug\property_sample.vcxprojresolveassemblyreference.cache
c:\users\makoto harada\documents\visual studio 2015\projects\windowsformsapplication1\property_sample\debug\property_sample.tlog\cl.command.1.tlog
c:\users\makoto harada\documents\visual studio 2015\projects\windowsformsapplication1\property_sample\debug\property_sample.tlog\cl.read.1.tlog
c:\users\makoto harada\documents\visual studio 2015\projects\windowsformsapplication1\property_sample\debug\property_sample.tlog\cl.write.1.tlog
c:\users\makoto harada\documents\visual studio 2015\projects\windowsformsapplication1\property_sample\debug\property_sample.tlog\link.command.1.tlog
c:\users\makoto harada\documents\visual studio 2015\projects\windowsformsapplication1\property_sample\debug\property_sample.tlog\link.read.1.tlog
c:\users\makoto harada\documents\visual studio 2015\projects\windowsformsapplication1\property_sample\debug\property_sample.tlog\link.write.1.tlog
c:\users\makoto harada\documents\visual studio 2015\projects\windowsformsapplication1\property_sample\debug\property_sample.tlog\metagen.read.1.tlog
c:\users\makoto harada\documents\visual studio 2015\projects\windowsformsapplication1\property_sample\debug\property_sample.tlog\metagen.write.1.tlog
c:\users\makoto harada\documents\visual studio 2015\projects\windowsformsapplication1\property_sample\debug\property_sample.tlog\rc.command.1.tlog
c:\users\makoto harada\documents\visual studio 2015\projects\windowsformsapplication1\property_sample\debug\property_sample.tlog\rc.read.1.tlog
c:\users\makoto harada\documents\visual studio 2015\projects\windowsformsapplication1\property_sample\debug\property_sample.tlog\rc.write.1.tlog
