c:\users\makoto harada\documents\visual studio 2015\projects\windowsformsapplication1\collections_list\debug\collections_list.pch
c:\users\makoto harada\documents\visual studio 2015\projects\windowsformsapplication1\collections_list\debug\vc140.pdb
c:\users\makoto harada\documents\visual studio 2015\projects\windowsformsapplication1\collections_list\debug\stdafx.obj
c:\users\makoto harada\documents\visual studio 2015\projects\windowsformsapplication1\collections_list\debug\collections_list.obj
c:\users\makoto harada\documents\visual studio 2015\projects\windowsformsapplication1\collections_list\debug\assemblyinfo.obj
c:\users\makoto harada\documents\visual studio 2015\projects\windowsformsapplication1\collections_list\debug\.netframework,version=v4.5.2.assemblyattributes.obj
c:\users\makoto harada\documents\visual studio 2015\projects\windowsformsapplication1\collections_list\debug\.netframework,version=v4.5.2.assemblyattributes.asm
c:\users\makoto harada\documents\visual studio 2015\projects\windowsformsapplication1\debug\collections_list.exe
c:\users\makoto harada\documents\visual studio 2015\projects\windowsformsapplication1\debug\collections_list.pdb
c:\users\makoto harada\documents\visual studio 2015\projects\windowsformsapplication1\collections_list\debug\app.res
c:\users\makoto harada\documents\visual studio 2015\projects\windowsformsapplication1\collections_list\debug\collections_list.vcxprojresolveassemblyreference.cache
c:\users\makoto harada\documents\visual studio 2015\projects\windowsformsapplication1\collections_list\debug\collections_list.tlog\cl.command.1.tlog
c:\users\makoto harada\documents\visual studio 2015\projects\windowsformsapplication1\collections_list\debug\collections_list.tlog\cl.read.1.tlog
c:\users\makoto harada\documents\visual studio 2015\projects\windowsformsapplication1\collections_list\debug\collections_list.tlog\cl.write.1.tlog
c:\users\makoto harada\documents\visual studio 2015\projects\windowsformsapplication1\collections_list\debug\collections_list.tlog\link.command.1.tlog
c:\users\makoto harada\documents\visual studio 2015\projects\windowsformsapplication1\collections_list\debug\collections_list.tlog\link.read.1.tlog
c:\users\makoto harada\documents\visual studio 2015\projects\windowsformsapplication1\collections_list\debug\collections_list.tlog\link.write.1.tlog
c:\users\makoto harada\documents\visual studio 2015\projects\windowsformsapplication1\collections_list\debug\collections_list.tlog\metagen.read.1.tlog
c:\users\makoto harada\documents\visual studio 2015\projects\windowsformsapplication1\collections_list\debug\collections_list.tlog\metagen.write.1.tlog
c:\users\makoto harada\documents\visual studio 2015\projects\windowsformsapplication1\collections_list\debug\collections_list.tlog\rc.command.1.tlog
c:\users\makoto harada\documents\visual studio 2015\projects\windowsformsapplication1\collections_list\debug\collections_list.tlog\rc.read.1.tlog
c:\users\makoto harada\documents\visual studio 2015\projects\windowsformsapplication1\collections_list\debug\collections_list.tlog\rc.write.1.tlog
c:\users\makoto harada\documents\visual studio 2015\projects\windowsformsapplication1\collections_list\debug\collections_list.tlog\tzres.dll.bi
