c:\users\makoto harada\documents\visual studio 2015\projects\windowsformsapplication1\vector\debug\vector.pch.codeanalysis
c:\users\makoto harada\documents\visual studio 2015\projects\windowsformsapplication1\vector\debug\vc140.pdb
c:\users\makoto harada\documents\visual studio 2015\projects\windowsformsapplication1\vector\debug\vc140.idb
c:\users\makoto harada\documents\visual studio 2015\projects\windowsformsapplication1\vector\debug\vector.pch.codeanalysisast
c:\users\makoto harada\documents\visual studio 2015\projects\windowsformsapplication1\vector\debug\stdafx.nativecodeanalysis.xml
c:\users\makoto harada\documents\visual studio 2015\projects\windowsformsapplication1\vector\debug\stdafx.obj
c:\users\makoto harada\documents\visual studio 2015\projects\windowsformsapplication1\vector\debug\vector.pch
c:\users\makoto harada\documents\visual studio 2015\projects\windowsformsapplication1\vector\debug\vector.nativecodeanalysis.xml
c:\users\makoto harada\documents\visual studio 2015\projects\windowsformsapplication1\vector\debug\vector.obj
c:\users\makoto harada\documents\visual studio 2015\projects\windowsformsapplication1\debug\vector.ilk
c:\users\makoto harada\documents\visual studio 2015\projects\windowsformsapplication1\debug\vector.exe
c:\users\makoto harada\documents\visual studio 2015\projects\windowsformsapplication1\debug\vector.pdb
c:\users\makoto harada\documents\visual studio 2015\projects\windowsformsapplication1\vector\debug\nativecodeanalysis.read.1.tlog
c:\users\makoto harada\documents\visual studio 2015\projects\windowsformsapplication1\vector\debug\vc.nativecodeanalysis.all.xml
c:\users\makoto harada\documents\visual studio 2015\projects\windowsformsapplication1\debug\vector.exe.lastcodeanalysissucceeded
c:\users\makoto harada\documents\visual studio 2015\projects\windowsformsapplication1\vector\debug\vector.tlog\cl.command.1.tlog
c:\users\makoto harada\documents\visual studio 2015\projects\windowsformsapplication1\vector\debug\vector.tlog\cl.read.1.tlog
c:\users\makoto harada\documents\visual studio 2015\projects\windowsformsapplication1\vector\debug\vector.tlog\cl.write.1.tlog
c:\users\makoto harada\documents\visual studio 2015\projects\windowsformsapplication1\vector\debug\vector.tlog\link.command.1.tlog
c:\users\makoto harada\documents\visual studio 2015\projects\windowsformsapplication1\vector\debug\vector.tlog\link.read.1.tlog
c:\users\makoto harada\documents\visual studio 2015\projects\windowsformsapplication1\vector\debug\vector.tlog\link.write.1.tlog
